Using pre-set license

 COMMAND LINE ARGUMENTS:
/Applications/Unity/Hub/Editor/2021.1.9f1/Unity.app/Contents/MacOS/Unity
-adb2
-batchMode
-noUpm
-name
AssetImportWorker0
-projectPath
/Users/hyuk/Downloads/multipro
-logFile
Logs/AssetImportWorker0.log
-srvPort
53728
Successfully changed project path to: /Users/hyuk/Downloads/multipro
/Users/hyuk/Downloads/multipro
Using Asset Import Pipeline V2.
Refreshing native plugins compatible for Editor in 351.62 ms, found 3 plugins.
Preloading 0 native plugins for Editor in 0.00 ms.
Initialize engine version: 2021.1.9f1 (7a790e367ab3)
[Subsystems] Discovering subsystems at path /Applications/Unity/Hub/Editor/2021.1.9f1/Unity.app/Contents/Resources/UnitySubsystems
[Subsystems] Discovering subsystems at path /Users/hyuk/Downloads/multipro/Assets
GfxDevice: creating device client; threaded=0; jobified=0
2021-08-21 21:55:31.952 Unity[24629:341584] 22MP65 preferred device: Intel(R) Iris(TM) Plus Graphics (low power)
2021-08-21 21:55:31.952 Unity[24629:341584] Metal devices available: 1
2021-08-21 21:55:31.953 Unity[24629:341584] 0: Intel(R) Iris(TM) Plus Graphics (low power)
2021-08-21 21:55:31.953 Unity[24629:341584] Using device Intel(R) Iris(TM) Plus Graphics (low power)
Initializing Metal device caps: Intel(R) Iris(TM) Plus Graphics
Initialize mono
Mono path[0] = '/Applications/Unity/Hub/Editor/2021.1.9f1/Unity.app/Contents/Managed'
Mono path[1] = '/Applications/Unity/Hub/Editor/2021.1.9f1/Unity.app/Contents/MonoBleedingEdge/lib/mono/unityjit'
Mono config path = '/Applications/Unity/Hub/Editor/2021.1.9f1/Unity.app/Contents/MonoBleedingEdge/etc'
Using monoOptions --debugger-agent=transport=dt_socket,embedding=1,server=y,suspend=n,address=127.0.0.1:56629
Begin MonoManager ReloadAssembly
Registering precompiled unity dll's ...
Register platform support module: /Applications/Unity/Hub/Editor/2021.1.9f1/Unity.app/Contents/PlaybackEngines/MacStandaloneSupport/UnityEditor.OSXStandalone.Extensions.dll
Registered in 0.001274 seconds.
Native extension for OSXStandalone target not found
Refreshing native plugins compatible for Editor in 304.43 ms, found 3 plugins.
Preloading 0 native plugins for Editor in 0.00 ms.
Mono: successfully reloaded assembly
- Completed reload, in  8.762 seconds
Domain Reload Profiling:
	ReloadAssembly (8763ms)
		BeginReloadAssembly (122ms)
			ExecutionOrderSort (0ms)
			DisableScriptedObjects (0ms)
			BackupInstance (0ms)
			ReleaseScriptingObjects (0ms)
			CreateAndSetChildDomain (2ms)
		EndReloadAssembly (1471ms)
			LoadAssemblies (122ms)
			RebuildTransferFunctionScriptingTraits (0ms)
			SetupTypeCache (525ms)
			ReleaseScriptCaches (0ms)
			RebuildScriptCaches (96ms)
			SetupLoadedEditorAssemblies (716ms)
				LogAssemblyErrors (0ms)
				InitializePlatformSupportModulesInManaged (16ms)
				SetLoadedEditorAssemblies (1ms)
				RefreshPlugins (305ms)
				BeforeProcessingInitializeOnLoad (3ms)
				ProcessInitializeOnLoadAttributes (304ms)
				ProcessInitializeOnLoadMethodAttributes (87ms)
				AfterProcessingInitializeOnLoad (0ms)
				EditorAssembliesLoaded (1ms)
			ExecutionOrderSort2 (0ms)
			AwakeInstancesAfterBackupRestoration (0ms)
Platform modules already initialized, skipping
Registering precompiled user dll's ...
Registered in 0.015924 seconds.
Begin MonoManager ReloadAssembly
Symbol file LoadedFromMemory doesn't match image /Users/hyuk/Downloads/multipro/Library/PackageCache/com.unity.visualscripting@1.6.1/Editor/VisualScripting.Core/Dependencies/DotNetZip/Unity.VisualScripting.IonicZip.dll
Symbol file LoadedFromMemory doesn't match image /Users/hyuk/Downloads/multipro/Library/PackageCache/com.unity.visualscripting@1.6.1/Editor/VisualScripting.Core/Dependencies/YamlDotNet/Unity.VisualScripting.YamlDotNet.dll
Native extension for OSXStandalone target not found
Refreshing native plugins compatible for Editor in 270.71 ms, found 3 plugins.
Preloading 0 native plugins for Editor in 0.00 ms.
Mono: successfully reloaded assembly
- Completed reload, in  3.812 seconds
Domain Reload Profiling:
	ReloadAssembly (3820ms)
		BeginReloadAssembly (477ms)
			ExecutionOrderSort (0ms)
			DisableScriptedObjects (15ms)
			BackupInstance (0ms)
			ReleaseScriptingObjects (0ms)
			CreateAndSetChildDomain (94ms)
		EndReloadAssembly (3172ms)
			LoadAssemblies (282ms)
			RebuildTransferFunctionScriptingTraits (0ms)
			SetupTypeCache (1220ms)
			ReleaseScriptCaches (1ms)
			RebuildScriptCaches (164ms)
			SetupLoadedEditorAssemblies (1037ms)
				LogAssemblyErrors (0ms)
				InitializePlatformSupportModulesInManaged (8ms)
				SetLoadedEditorAssemblies (1ms)
				RefreshPlugins (271ms)
				BeforeProcessingInitializeOnLoad (175ms)
				ProcessInitializeOnLoadAttributes (535ms)
				ProcessInitializeOnLoadMethodAttributes (45ms)
				AfterProcessingInitializeOnLoad (3ms)
				EditorAssembliesLoaded (0ms)
			ExecutionOrderSort2 (0ms)
			AwakeInstancesAfterBackupRestoration (18ms)
Platform modules already initialized, skipping
========================================================================
Worker process is ready to serve import requests
Launching external process: /Applications/Unity/Hub/Editor/2021.1.9f1/Unity.app/Contents/Tools/UnityShaderCompiler
Launched and connected shader compiler UnityShaderCompiler after 0.04 seconds
Refreshing native plugins compatible for Editor in 2.20 ms, found 3 plugins.
Preloading 0 native plugins for Editor in 0.00 ms.
Unloading 3841 Unused Serialized files (Serialized files now loaded: 0)
System memory in use before: 248.5 MB.
System memory in use after: 248.7 MB.

Unloading 85 unused Assets to reduce memory usage. Loaded Objects now: 4247.
Total: 5.463255 ms (FindLiveObjects: 0.479140 ms CreateObjectMapping: 0.256086 ms MarkObjects: 4.521733 ms  DeleteObjects: 0.203865 ms)

AssetImportParameters requested are different than current active one (requested -> active):
  custom:video-decoder-ogg-theora: a1e56fd34408186e4bbccfd4996cb3dc -> 
  custom:container-muxer-webm: aa71ff27fc2769a1b78a27578f13a17b -> 
  custom:container-demuxer-webm: 4f35f7cbe854078d1ac9338744f61a02 -> 
  custom:container-demuxer-ogg: 62fdf1f143b41e24485cea50d1cbac27 -> 
  custom:video-encoder-webm-vp8: eb34c28f22e8b96e1ab97ce403110664 -> 
  custom:framework-osx-AVFoundation: e770b220cccbd017edd2c1fefb359320 -> 
  custom:video-decoder-webm-vp8: 9c59270c3fd7afecdb556c50c9e8de78 -> 
  custom:audio-decoder-ogg-vorbis: bf7c407c2cedff20999df2af8eb42d56 -> 
  custom:audio-encoder-webm-vorbis: bf7c407c2cedff20999df2af8eb42d56 -> 
========================================================================
Received Import Request.
  path: Assets/Game/제목_없는_아트워크.psd
  artifactKey: Guid(946a3eb855e8a4b3e8270c0f0a812a9a) Importer(815301076,1909f56bfc062723c751e8b465ee728b)
Start importing Assets/Game/제목_없는_아트워크.psd using Guid(946a3eb855e8a4b3e8270c0f0a812a9a) Importer(815301076,1909f56bfc062723c751e8b465ee728b)  -> (artifact id: 'a37bf220c6485a982644a250c88849f9') in 2.285776 seconds 
========================================================================
Received Import Request.
  Time since last request: 38.754362 seconds.
  path: Assets/Game/제목_없는_아트워크.psd
  artifactKey: Guid(946a3eb855e8a4b3e8270c0f0a812a9a) Importer(815301076,1909f56bfc062723c751e8b465ee728b)
Start importing Assets/Game/제목_없는_아트워크.psd using Guid(946a3eb855e8a4b3e8270c0f0a812a9a) Importer(815301076,1909f56bfc062723c751e8b465ee728b)  -> (artifact id: 'd719a50c42bf71ae195db570a2a74a3c') in 0.078113 seconds 
========================================================================
Received Import Request.
  Time since last request: 9.078120 seconds.
  path: Assets/Game/제목_없는_아트워크_0 (1).controller
  artifactKey: Guid(d328362aca57045fea63440951a63b64) Importer(815301076,1909f56bfc062723c751e8b465ee728b)
Start importing Assets/Game/제목_없는_아트워크_0 (1).controller using Guid(d328362aca57045fea63440951a63b64) Importer(815301076,1909f56bfc062723c751e8b465ee728b)  -> (artifact id: '64264e682b3291b50927c56645b6b4f8') in 1.531056 seconds 
========================================================================
Received Import Request.
  Time since last request: 77.832625 seconds.
  path: Assets/Game/제목_없는_아트워크.psd
  artifactKey: Guid(946a3eb855e8a4b3e8270c0f0a812a9a) Importer(815301076,1909f56bfc062723c751e8b465ee728b)
Start importing Assets/Game/제목_없는_아트워크.psd using Guid(946a3eb855e8a4b3e8270c0f0a812a9a) Importer(815301076,1909f56bfc062723c751e8b465ee728b)  -> (artifact id: '9b52d7c1f5681127ab3bdbd8a68184df') in 0.091737 seconds 
========================================================================
Received Import Request.
  Time since last request: 475.271823 seconds.
  path: Assets/Game/제목_없는_아트워크 2.psd
  artifactKey: Guid(c4659f34d696f429f9a3a0a7fa24a363) Importer(815301076,1909f56bfc062723c751e8b465ee728b)
Start importing Assets/Game/제목_없는_아트워크 2.psd using Guid(c4659f34d696f429f9a3a0a7fa24a363) Importer(815301076,1909f56bfc062723c751e8b465ee728b)  -> (artifact id: '5b56467d54d0e7bc2065c71ae5f24dac') in 0.071486 seconds 
========================================================================
Received Import Request.
  Time since last request: 49.747947 seconds.
  path: Assets/Game/제목_없는_아트워크 2.psd
  artifactKey: Guid(c4659f34d696f429f9a3a0a7fa24a363) Importer(815301076,1909f56bfc062723c751e8b465ee728b)
Start importing Assets/Game/제목_없는_아트워크 2.psd using Guid(c4659f34d696f429f9a3a0a7fa24a363) Importer(815301076,1909f56bfc062723c751e8b465ee728b)  -> (artifact id: 'e57de3196640adf79f026bfe5641e29c') in 0.073340 seconds 
========================================================================
Received Import Request.
  Time since last request: 50.560838 seconds.
  path: Assets/Game/playeratk.anim
  artifactKey: Guid(b2f20236d27064447ae28eadc2d3a625) Importer(815301076,1909f56bfc062723c751e8b465ee728b)
Start importing Assets/Game/playeratk.anim using Guid(b2f20236d27064447ae28eadc2d3a625) Importer(815301076,1909f56bfc062723c751e8b465ee728b)  -> (artifact id: 'b93c749bb1918e1e95580ed6ce5ccacd') in 0.631966 seconds 
========================================================================
Received Import Request.
  Time since last request: 19.381041 seconds.
  path: Assets/Game/anim.controller
  artifactKey: Guid(2c36e99165e3341ccbe057d00ee02aff) Importer(815301076,1909f56bfc062723c751e8b465ee728b)
Start importing Assets/Game/anim.controller using Guid(2c36e99165e3341ccbe057d00ee02aff) Importer(815301076,1909f56bfc062723c751e8b465ee728b)  -> (artifact id: '65d9be4fd86a09d4eea10a21bd9ac187') in 0.010009 seconds 
========================================================================
Received Import Request.
  Time since last request: 30.662247 seconds.
  path: Assets/Game/anim1.anim
  artifactKey: Guid(f9d2de82dcc0d412ca8edbf74484685b) Importer(815301076,1909f56bfc062723c751e8b465ee728b)
Start importing Assets/Game/anim1.anim using Guid(f9d2de82dcc0d412ca8edbf74484685b) Importer(815301076,1909f56bfc062723c751e8b465ee728b)  -> (artifact id: 'caeb9e4151f8d695ec3dda43a4d3e49e') in 0.009017 seconds 
